[00:57:56] [ServerMain/INFO]: [bootstrap] Running Java 26 (OpenJDK 64-Bit Server VM 26.0.1+8-34; Oracle Corporation null) on Windows 11 10.0 (amd64)
[00:57:56] [ServerMain/INFO]: [bootstrap] Loading Purpur 26.1.2-2591-HEAD@bb69e15 (2026-06-03T22:24:27Z) for Minecraft 26.1.2
[00:57:59] [ServerMain/INFO]: [PluginInitializerManager] Initializing plugins...
[00:58:00] [ServerMain/INFO]: [PluginInitializerManager] Initialized 5 plugins
[00:58:00] [ServerMain/INFO]: [PluginInitializerManager] Paper plugins (2):
 - MechanicsCore (4.3.1), WeaponMechanics (4.3.1)
[00:58:00] [ServerMain/INFO]: [PluginInitializerManager] Bukkit plugins (3):
 - Denizen (1.3.0-SNAPSHOT (build 1803-REL)), Mechanics (1.0.4.3), MythicMobs (5.12.1-46bae256)
[00:58:36] [ServerMain/INFO]: Environment: Environment[sessionHost=https://sessionserver.mojang.com, servicesHost=https://api.minecraftservices.com, profilesHost=https://api.mojang.com, name=PROD]
[00:58:43] [ServerMain/INFO]: Loaded 1515 recipes
[00:58:43] [ServerMain/INFO]: Loaded 1617 advancements
[00:58:43] [ServerMain/INFO]: [ca.spottedleaf.dataconverter.minecraft.datatypes.MCTypeRegistry] Initialising converters for DataConverter...
[00:58:44] [ServerMain/INFO]: [ca.spottedleaf.dataconverter.minecraft.datatypes.MCTypeRegistry] Finished initialising converters for DataConverter in 775,2ms
[00:58:48] [Server thread/INFO]: Starting minecraft server version 26.1.2
[00:58:48] [Server thread/WARN]: ****************************
[00:58:48] [Server thread/WARN]: YOU ARE RUNNING THIS SERVER AS AN ADMINISTRATIVE OR ROOT USER. THIS IS NOT ADVISED.
[00:58:48] [Server thread/WARN]: YOU ARE OPENING YOURSELF UP TO POTENTIAL RISKS WHEN DOING THIS.
[00:58:48] [Server thread/WARN]: FOR MORE INFORMATION, SEE https://madelinemiller.dev/blog/root-minecraft-server/
[00:58:48] [Server thread/WARN]: ****************************
[00:58:48] [Server thread/INFO]: Loading properties
[00:58:48] [Server thread/INFO]: This server is running Purpur version 26.1.2-2591-HEAD@bb69e15 (2026-06-03T22:24:27Z) (Implementing API version 26.1.2.build.2591-stable)
[00:58:48] [Server thread/INFO]: [spark] This server bundles the spark profiler. For more information please visit https://docs.papermc.io/paper/profiling
[00:58:48] [Server thread/INFO]: Using 4 threads for Netty based IO
[00:58:48] [Server thread/INFO]: Server Ping Player Sample Count: 12
[00:58:49] [Server thread/INFO]: [MoonriseCommon] Paper is using 1 worker threads, 1 I/O threads
[00:58:50] [Server thread/INFO]: Default game type: SURVIVAL
[00:58:50] [Server thread/INFO]: Generating keypair
[00:58:50] [Server thread/INFO]: Starting Minecraft server on *:25565
[00:58:50] [Server thread/INFO]: Paper: Using Java compression from Velocity.
[00:58:50] [Server thread/INFO]: Paper: Using Java cipher from Velocity.
[00:58:50] [Server thread/ERROR]: [ModernPluginLoadingStrategy] Could not load 'plugins\WeaponMechanics-4.3.1.jar' in 'plugins'
org.bukkit.plugin.UnknownDependencyException: Unknown/missing dependency plugins: [packetevents]. Please download and install these plugins to run 'WeaponMechanics'.
	at io.papermc.paper.plugin.entrypoint.strategy.modern.ModernPluginLoadingStrategy.loadProviders(ModernPluginLoadingStrategy.java:82) ~[purpur-26.1.2.jar:26.1.2-2591-bb69e15]
	at io.papermc.paper.plugin.storage.SimpleProviderStorage.enter(SimpleProviderStorage.java:38) ~[purpur-26.1.2.jar:26.1.2-2591-bb69e15]
	at io.papermc.paper.plugin.entrypoint.LaunchEntryPointHandler.enter(LaunchEntryPointHandler.java:39) ~[purpur-26.1.2.jar:26.1.2-2591-bb69e15]
	at org.bukkit.craftbukkit.CraftServer.loadPlugins(CraftServer.java:567) ~[purpur-26.1.2.jar:26.1.2-2591-bb69e15]
	at net.minecraft.server.dedicated.DedicatedServer.initServer(DedicatedServer.java:379) ~[purpur-26.1.2.jar:26.1.2-2591-bb69e15]
	at net.minecraft.server.MinecraftServer.runServer(MinecraftServer.java:1306) ~[purpur-26.1.2.jar:26.1.2-2591-bb69e15]
	at net.minecraft.server.MinecraftServer.lambda$spin$0(MinecraftServer.java:304) ~[purpur-26.1.2.jar:26.1.2-2591-bb69e15]
	at java.base/java.lang.Thread.run(Thread.java:1516) ~[?:?]
[00:58:50] [Server thread/INFO]: [SpigotLibraryLoader] [MythicMobs] Loading 4 libraries... please wait
[00:58:51] [Server thread/INFO]: [SpigotLibraryLoader] [MythicMobs] Loaded library C:\Users\Денис\Desktop\minecraftserver\libraries\net\kyori\adventure-api\4.16.0\adventure-api-4.16.0.jar
[00:58:51] [Server thread/INFO]: [SpigotLibraryLoader] [MythicMobs] Loaded library C:\Users\Денис\Desktop\minecraftserver\libraries\net\kyori\adventure-key\4.16.0\adventure-key-4.16.0.jar
[00:58:51] [Server thread/INFO]: [SpigotLibraryLoader] [MythicMobs] Loaded library C:\Users\Денис\Desktop\minecraftserver\libraries\net\kyori\examination-api\1.3.0\examination-api-1.3.0.jar
[00:58:51] [Server thread/INFO]: [SpigotLibraryLoader] [MythicMobs] Loaded library C:\Users\Денис\Desktop\minecraftserver\libraries\net\kyori\examination-string\1.3.0\examination-string-1.3.0.jar
[00:58:51] [Server thread/INFO]: [SpigotLibraryLoader] [MythicMobs] Loaded library C:\Users\Денис\Desktop\minecraftserver\libraries\org\jetbrains\annotations\24.1.0\annotations-24.1.0.jar
[00:58:51] [Server thread/INFO]: [SpigotLibraryLoader] [MythicMobs] Loaded library C:\Users\Денис\Desktop\minecraftserver\libraries\net\kyori\adventure-platform-bukkit\4.3.2\adventure-platform-bukkit-4.3.2.jar
[00:58:51] [Server thread/INFO]: [SpigotLibraryLoader] [MythicMobs] Loaded library C:\Users\Денис\Desktop\minecraftserver\libraries\net\kyori\adventure-platform-api\4.3.2\adventure-platform-api-4.3.2.jar
[00:58:51] [Server thread/INFO]: [SpigotLibraryLoader] [MythicMobs] Loaded library C:\Users\Денис\Desktop\minecraftserver\libraries\net\kyori\adventure-text-serializer-bungeecord\4.3.2\adventure-text-serializer-bungeecord-4.3.2.jar
[00:58:51] [Server thread/INFO]: [SpigotLibraryLoader] [MythicMobs] Loaded library C:\Users\Денис\Desktop\minecraftserver\libraries\net\kyori\adventure-text-serializer-legacy\4.13.1\adventure-text-serializer-legacy-4.13.1.jar
[00:58:51] [Server thread/INFO]: [SpigotLibraryLoader] [MythicMobs] Loaded library C:\Users\Денис\Desktop\minecraftserver\libraries\net\kyori\adventure-nbt\4.13.1\adventure-nbt-4.13.1.jar
[00:58:51] [Server thread/INFO]: [SpigotLibraryLoader] [MythicMobs] Loaded library C:\Users\Денис\Desktop\minecraftserver\libraries\net\kyori\adventure-text-serializer-gson-legacy-impl\4.13.1\adventure-text-serializer-gson-legacy-impl-4.13.1.jar
[00:58:51] [Server thread/INFO]: [SpigotLibraryLoader] [MythicMobs] Loaded library C:\Users\Денис\Desktop\minecraftserver\libraries\net\kyori\adventure-platform-facet\4.3.2\adventure-platform-facet-4.3.2.jar
[00:58:51] [Server thread/INFO]: [SpigotLibraryLoader] [MythicMobs] Loaded library C:\Users\Денис\Desktop\minecraftserver\libraries\net\kyori\adventure-platform-viaversion\4.3.2\adventure-platform-viaversion-4.3.2.jar
[00:58:51] [Server thread/INFO]: [SpigotLibraryLoader] [MythicMobs] Loaded library C:\Users\Денис\Desktop\minecraftserver\libraries\net\kyori\adventure-text-minimessage\4.16.0\adventure-text-minimessage-4.16.0.jar
[00:58:51] [Server thread/INFO]: [SpigotLibraryLoader] [MythicMobs] Loaded library C:\Users\Денис\Desktop\minecraftserver\libraries\net\kyori\adventure-text-serializer-gson\4.16.0\adventure-text-serializer-gson-4.16.0.jar
[00:58:51] [Server thread/INFO]: [SpigotLibraryLoader] [MythicMobs] Loaded library C:\Users\Денис\Desktop\minecraftserver\libraries\net\kyori\adventure-text-serializer-json\4.16.0\adventure-text-serializer-json-4.16.0.jar
[00:58:51] [Server thread/INFO]: [SpigotLibraryLoader] [MythicMobs] Loaded library C:\Users\Денис\Desktop\minecraftserver\libraries\net\kyori\option\1.0.0\option-1.0.0.jar
[00:58:51] [Server thread/INFO]: [SpigotLibraryLoader] [MythicMobs] Loaded library C:\Users\Денис\Desktop\minecraftserver\libraries\com\google\code\gson\gson\2.8.0\gson-2.8.0.jar
[00:58:51] [Server thread/INFO]: [SpigotLibraryLoader] [Mechanics] Loading 1 libraries... please wait
[00:58:52] [Server thread/INFO]: [SpigotLibraryLoader] [Mechanics] Loaded library C:\Users\Денис\Desktop\minecraftserver\libraries\org\apache\httpcomponents\httpclient\4.5.14\httpclient-4.5.14.jar
[00:58:52] [Server thread/INFO]: [SpigotLibraryLoader] [Mechanics] Loaded library C:\Users\Денис\Desktop\minecraftserver\libraries\org\apache\httpcomponents\httpcore\4.4.16\httpcore-4.4.16.jar
[00:58:52] [Server thread/INFO]: [SpigotLibraryLoader] [Mechanics] Loaded library C:\Users\Денис\Desktop\minecraftserver\libraries\commons-logging\commons-logging\1.2\commons-logging-1.2.jar
[00:58:52] [Server thread/INFO]: [SpigotLibraryLoader] [Mechanics] Loaded library C:\Users\Денис\Desktop\minecraftserver\libraries\commons-codec\commons-codec\1.11\commons-codec-1.11.jar
[00:58:52] [Server thread/INFO]: [SpigotLibraryLoader] [Denizen] Loading 2 libraries... please wait
[00:58:52] [Server thread/INFO]: [SpigotLibraryLoader] [Denizen] Loaded library C:\Users\Денис\Desktop\minecraftserver\libraries\org\mongodb\mongodb-driver-sync\4.8.1\mongodb-driver-sync-4.8.1.jar
[00:58:52] [Server thread/INFO]: [SpigotLibraryLoader] [Denizen] Loaded library C:\Users\Денис\Desktop\minecraftserver\libraries\org\mongodb\bson\4.8.1\bson-4.8.1.jar
[00:58:52] [Server thread/INFO]: [SpigotLibraryLoader] [Denizen] Loaded library C:\Users\Денис\Desktop\minecraftserver\libraries\org\mongodb\mongodb-driver-core\4.8.1\mongodb-driver-core-4.8.1.jar
[00:58:52] [Server thread/INFO]: [SpigotLibraryLoader] [Denizen] Loaded library C:\Users\Денис\Desktop\minecraftserver\libraries\org\mongodb\bson-record-codec\4.8.1\bson-record-codec-4.8.1.jar
[00:58:52] [Server thread/INFO]: [SpigotLibraryLoader] [Denizen] Loaded library C:\Users\Денис\Desktop\minecraftserver\libraries\redis\clients\jedis\4.3.1\jedis-4.3.1.jar
[00:58:52] [Server thread/INFO]: [SpigotLibraryLoader] [Denizen] Loaded library C:\Users\Денис\Desktop\minecraftserver\libraries\org\slf4j\slf4j-api\1.7.36\slf4j-api-1.7.36.jar
[00:58:52] [Server thread/INFO]: [SpigotLibraryLoader] [Denizen] Loaded library C:\Users\Денис\Desktop\minecraftserver\libraries\org\apache\commons\commons-pool2\2.11.1\commons-pool2-2.11.1.jar
[00:58:52] [Server thread/INFO]: [SpigotLibraryLoader] [Denizen] Loaded library C:\Users\Денис\Desktop\minecraftserver\libraries\org\json\json\20220320\json-20220320.jar
[00:58:52] [Server thread/INFO]: [SpigotLibraryLoader] [Denizen] Loaded library C:\Users\Денис\Desktop\minecraftserver\libraries\com\google\code\gson\gson\2.8.9\gson-2.8.9.jar
[00:58:52] [Server thread/INFO]: [MythicMobs] Loading server plugin MythicMobs v5.12.1-46bae256
[00:58:52] [Server thread/INFO]: [LumineUtils] (io.lumine.mythic.bukkit.utils.) is bound to plugin MythicMobs - io.lumine.mythic.bukkit.MythicBukkit
[00:58:52] [Server thread/INFO]: [MythicMobs] §x§f§f§0§0§0§0M§x§f§f§6§d§0§0y§x§f§f§d§a§0§0t§x§b§6§f§f§0§0h§x§4§8§f§f§0§0i§x§0§0§f§f§2§4c§x§0§0§f§f§9§1 §x§0§0§f§f§f§fL§x§0§0§9§1§f§fo§x§0§0§2§4§f§fa§x§4§8§0§0§f§fd§x§b§6§0§0§f§fe§x§f§f§0§0§d§ad§x§f§f§0§0§6§d!
[00:58:52] [Server thread/INFO]: [MechanicsCore] Loading server plugin MechanicsCore v4.3.1
[00:58:52] [Server thread/INFO]: [CommandAPI] Loaded version PaperNMS_26_1
[00:58:52] [Server thread/INFO]: [CommandAPI] Hooked into Spigot successfully for Chat/ChatComponents
[00:58:52] [Server thread/INFO]: [CommandAPI] Hooked into Adventure for AdventureChat/AdventureChatComponents
[00:58:52] [Server thread/INFO]: [CommandAPI] Hooked into Paper for paper-specific API implementations
[00:58:52] [Server thread/INFO]: [CommandAPI] Loaded platform CommandAPIPaper > CommandAPIBukkit
[00:58:52] [AWT-EventQueue-0/WARN]: Exception in thread "AWT-EventQueue-0" java.lang.NullPointerException: Cannot invoke "org.purpurmc.purpur.gui.GUIColor.getColor()" because "guiColor" is null
[00:58:52] [AWT-EventQueue-0/WARN]: 	at org.purpurmc.purpur.gui.JColorTextPane.append(JColorTextPane.java:37)
[00:58:52] [AWT-EventQueue-0/WARN]: 	at net.minecraft.server.gui.MinecraftServerGui.print(MinecraftServerGui.java:215)
[00:58:52] [AWT-EventQueue-0/WARN]: 	at net.minecraft.server.gui.MinecraftServerGui.lambda$print$0(MinecraftServerGui.java:202)
[00:58:52] [AWT-EventQueue-0/WARN]: 	at java.desktop/java.awt.event.InvocationEvent.dispatch(InvocationEvent.java:323)
[00:58:52] [AWT-EventQueue-0/WARN]: 	at java.desktop/java.awt.EventQueue.dispatchEventImpl(EventQueue.java:714)
[00:58:52] [AWT-EventQueue-0/WARN]: 	at java.desktop/java.awt.EventQueue.dispatchEvent(EventQueue.java:693)
[00:58:52] [AWT-EventQueue-0/WARN]: 	at java.desktop/java.awt.EventDispatchThread.pumpOneEventForFilters(EventDispatchThread.java:203)
[00:58:52] [AWT-EventQueue-0/WARN]: 	at java.desktop/java.awt.EventDispatchThread.pumpEventsForFilter(EventDispatchThread.java:124)
[00:58:52] [AWT-EventQueue-0/WARN]: 	at java.desktop/java.awt.EventDispatchThread.pumpEventsForHierarchy(EventDispatchThread.java:113)
[00:58:52] [AWT-EventQueue-0/WARN]: 	at java.desktop/java.awt.EventDispatchThread.pumpEvents(EventDispatchThread.java:109)
[00:58:52] [AWT-EventQueue-0/WARN]: 	at java.desktop/java.awt.EventDispatchThread.pumpEvents(EventDispatchThread.java:101)
[00:58:52] [AWT-EventQueue-0/WARN]: 	at java.desktop/java.awt.EventDispatchThread.run(EventDispatchThread.java:90)
[00:58:54] [Server thread/INFO]: [MechanicsCore] Loaded in 1771ms
[00:58:54] [Server thread/INFO]: [Mechanics] Loading server plugin Mechanics v1.0.4.3
[00:58:54] [Server thread/INFO]: [Mechanics] Resolved adapter in 4ms and remapped in 172ms
[00:58:54] [Server thread/INFO]: [Mechanics] Resolved item-nbt-api in 3ms and remapped in 210ms
[00:58:54] [Server thread/INFO]: [Mechanics] Resolved MorePersistentDataTypes in 4ms and remapped in 44ms
